  [1m[36m (7.0ms)[0m  [1mCREATE TABLE "schema_migrations" ("version" character varying NOT NULL) [0m
  [1m[35m (2.9ms)[0m  CREATE UNIQUE INDEX  "unique_schema_migrations" ON "schema_migrations"  ("version")
  [1m[36mActiveRecord::SchemaMigration Load (0.8ms)[0m  [1mSELECT "schema_migrations".* FROM "schema_migrations"[0m
Migrating to CreateProducts (20150923103243)
  [1m[35m (0.3ms)[0m  BEGIN
DEPRECATION WARNING: `#timestamps` was called without specifying an option for `null`. In Rails 5, this behavior will change to `null: false`. You should manually specify `null: true` to prevent the behavior of your existing migrations from changing. (called from block in change at /home/bogdan/school/master_an2/SBD/store/db/migrate/20150923103243_create_products.rb:9)
  [1m[36m (7.7ms)[0m  [1mCREATE TABLE "products" ("id" serial primary key, "title" character varying, "description" text, "image_url" character varying, "price" decimal(8,2), "created_at" timestamp, "updated_at" timestamp) [0m
  [1m[35mSQL (0.8ms)[0m  INSERT INTO "schema_migrations" ("version") VALUES ($1)  [["version", "20150923103243"]]
  [1m[36m (1.1ms)[0m  [1mCOMMIT[0m
Migrating to CreateCarts (20151014110944)
  [1m[35m (0.3ms)[0m  BEGIN
DEPRECATION WARNING: `#timestamps` was called without specifying an option for `null`. In Rails 5, this behavior will change to `null: false`. You should manually specify `null: true` to prevent the behavior of your existing migrations from changing. (called from block in change at /home/bogdan/school/master_an2/SBD/store/db/migrate/20151014110944_create_carts.rb:5)
  [1m[36m (4.1ms)[0m  [1mCREATE TABLE "carts" ("id" serial primary key, "created_at" timestamp, "updated_at" timestamp) [0m
  [1m[35mSQL (0.5ms)[0m  INSERT INTO "schema_migrations" ("version") VALUES ($1)  [["version", "20151014110944"]]
  [1m[36m (1.9ms)[0m  [1mCOMMIT[0m
Migrating to CreateLineItems (20151014111701)
  [1m[35m (0.3ms)[0m  BEGIN
DEPRECATION WARNING: `#timestamps` was called without specifying an option for `null`. In Rails 5, this behavior will change to `null: false`. You should manually specify `null: true` to prevent the behavior of your existing migrations from changing. (called from block in change at /home/bogdan/school/master_an2/SBD/store/db/migrate/20151014111701_create_line_items.rb:7)
  [1m[36m (3.5ms)[0m  [1mCREATE TABLE "line_items" ("id" serial primary key, "product_id" integer, "cart_id" integer, "created_at" timestamp, "updated_at" timestamp) [0m
  [1m[35m (1.8ms)[0m  CREATE  INDEX  "index_line_items_on_product_id" ON "line_items"  ("product_id")
  [1m[36m (1.8ms)[0m  [1mCREATE  INDEX  "index_line_items_on_cart_id" ON "line_items"  ("cart_id")[0m
  [1m[35mSQL (0.4ms)[0m  INSERT INTO "schema_migrations" ("version") VALUES ($1)  [["version", "20151014111701"]]
  [1m[36m (0.9ms)[0m  [1mCOMMIT[0m
Migrating to AddQuantityToLineItems (20151021100758)
  [1m[35m (0.3ms)[0m  BEGIN
  [1m[36m (7.3ms)[0m  [1mALTER TABLE "line_items" ADD "quantity" integer DEFAULT 1[0m
  [1m[35mSQL (0.4ms)[0m  INSERT INTO "schema_migrations" ("version") VALUES ($1)  [["version", "20151021100758"]]
  [1m[36m (1.4ms)[0m  [1mCOMMIT[0m
Migrating to CombineItemsInCart (20151021101716)
  [1m[35m (0.4ms)[0m  BEGIN
  [1m[36mCart Load (1.0ms)[0m  [1mSELECT "carts".* FROM "carts"[0m
  [1m[35mSQL (0.4ms)[0m  INSERT INTO "schema_migrations" ("version") VALUES ($1)  [["version", "20151021101716"]]
  [1m[36m (0.6ms)[0m  [1mCOMMIT[0m
Migrating to CreateOrders (20151104105949)
  [1m[35m (0.3ms)[0m  BEGIN
DEPRECATION WARNING: `#timestamps` was called without specifying an option for `null`. In Rails 5, this behavior will change to `null: false`. You should manually specify `null: true` to prevent the behavior of your existing migrations from changing. (called from block in change at /home/bogdan/school/master_an2/SBD/store/db/migrate/20151104105949_create_orders.rb:9)
  [1m[36m (6.1ms)[0m  [1mCREATE TABLE "orders" ("id" serial primary key, "name" character varying, "address" text, "email" character varying, "pay_type" character varying, "created_at" timestamp, "updated_at" timestamp) [0m
  [1m[35mSQL (0.4ms)[0m  INSERT INTO "schema_migrations" ("version") VALUES ($1)  [["version", "20151104105949"]]
  [1m[36m (0.7ms)[0m  [1mCOMMIT[0m
Migrating to AddOrderToLineItems (20151104110235)
  [1m[35m (0.4ms)[0m  BEGIN
  [1m[36m (0.6ms)[0m  [1mALTER TABLE "line_items" ADD "order_id" integer[0m
  [1m[35m (1.7ms)[0m  CREATE  INDEX  "index_line_items_on_order_id" ON "line_items"  ("order_id")
  [1m[36mSQL (0.4ms)[0m  [1mINSERT INTO "schema_migrations" ("version") VALUES ($1)[0m  [["version", "20151104110235"]]
  [1m[35m (0.7ms)[0m  COMMIT
Migrating to CreateUsers (20151113181350)
  [1m[36m (0.3ms)[0m  [1mBEGIN[0m
DEPRECATION WARNING: `#timestamps` was called without specifying an option for `null`. In Rails 5, this behavior will change to `null: false`. You should manually specify `null: true` to prevent the behavior of your existing migrations from changing. (called from block in change at /home/bogdan/school/master_an2/SBD/store/db/migrate/20151113181350_create_users.rb:7)
  [1m[35m (6.6ms)[0m  CREATE TABLE "users" ("id" serial primary key, "name" character varying, "password_digest" character varying, "created_at" timestamp, "updated_at" timestamp) 
  [1m[36mSQL (0.4ms)[0m  [1mINSERT INTO "schema_migrations" ("version") VALUES ($1)[0m  [["version", "20151113181350"]]
  [1m[35m (0.9ms)[0m  COMMIT
  [1m[36mActiveRecord::SchemaMigration Load (0.5ms)[0m  [1mSELECT "schema_migrations".* FROM "schema_migrations"[0m
  [1m[35m (4.2ms)[0m  SELECT t2.oid::regclass::text AS to_table, a1.attname AS column, a2.attname AS primary_key, c.conname AS name, c.confupdtype AS on_update, c.confdeltype AS on_delete
FROM pg_constraint c
JOIN pg_class t1 ON c.conrelid = t1.oid
JOIN pg_class t2 ON c.confrelid = t2.oid
JOIN pg_attribute a1 ON a1.attnum = c.conkey[1] AND a1.attrelid = t1.oid
JOIN pg_attribute a2 ON a2.attnum = c.confkey[1] AND a2.attrelid = t2.oid
JOIN pg_namespace t3 ON c.connamespace = t3.oid
WHERE c.contype = 'f'
  AND t1.relname = 'carts'
  AND t3.nspname = ANY (current_schemas(false))
ORDER BY c.conname

  [1m[36m (3.6ms)[0m  [1mSELECT t2.oid::regclass::text AS to_table, a1.attname AS column, a2.attname AS primary_key, c.conname AS name, c.confupdtype AS on_update, c.confdeltype AS on_delete
FROM pg_constraint c
JOIN pg_class t1 ON c.conrelid = t1.oid
JOIN pg_class t2 ON c.confrelid = t2.oid
JOIN pg_attribute a1 ON a1.attnum = c.conkey[1] AND a1.attrelid = t1.oid
JOIN pg_attribute a2 ON a2.attnum = c.confkey[1] AND a2.attrelid = t2.oid
JOIN pg_namespace t3 ON c.connamespace = t3.oid
WHERE c.contype = 'f'
  AND t1.relname = 'line_items'
  AND t3.nspname = ANY (current_schemas(false))
ORDER BY c.conname
[0m
  [1m[35m (3.8ms)[0m  SELECT t2.oid::regclass::text AS to_table, a1.attname AS column, a2.attname AS primary_key, c.conname AS name, c.confupdtype AS on_update, c.confdeltype AS on_delete
FROM pg_constraint c
JOIN pg_class t1 ON c.conrelid = t1.oid
JOIN pg_class t2 ON c.confrelid = t2.oid
JOIN pg_attribute a1 ON a1.attnum = c.conkey[1] AND a1.attrelid = t1.oid
JOIN pg_attribute a2 ON a2.attnum = c.confkey[1] AND a2.attrelid = t2.oid
JOIN pg_namespace t3 ON c.connamespace = t3.oid
WHERE c.contype = 'f'
  AND t1.relname = 'orders'
  AND t3.nspname = ANY (current_schemas(false))
ORDER BY c.conname

  [1m[36m (3.6ms)[0m  [1mSELECT t2.oid::regclass::text AS to_table, a1.attname AS column, a2.attname AS primary_key, c.conname AS name, c.confupdtype AS on_update, c.confdeltype AS on_delete
FROM pg_constraint c
JOIN pg_class t1 ON c.conrelid = t1.oid
JOIN pg_class t2 ON c.confrelid = t2.oid
JOIN pg_attribute a1 ON a1.attnum = c.conkey[1] AND a1.attrelid = t1.oid
JOIN pg_attribute a2 ON a2.attnum = c.confkey[1] AND a2.attrelid = t2.oid
JOIN pg_namespace t3 ON c.connamespace = t3.oid
WHERE c.contype = 'f'
  AND t1.relname = 'products'
  AND t3.nspname = ANY (current_schemas(false))
ORDER BY c.conname
[0m
  [1m[35m (3.3ms)[0m  SELECT t2.oid::regclass::text AS to_table, a1.attname AS column, a2.attname AS primary_key, c.conname AS name, c.confupdtype AS on_update, c.confdeltype AS on_delete
FROM pg_constraint c
JOIN pg_class t1 ON c.conrelid = t1.oid
JOIN pg_class t2 ON c.confrelid = t2.oid
JOIN pg_attribute a1 ON a1.attnum = c.conkey[1] AND a1.attrelid = t1.oid
JOIN pg_attribute a2 ON a2.attnum = c.confkey[1] AND a2.attrelid = t2.oid
JOIN pg_namespace t3 ON c.connamespace = t3.oid
WHERE c.contype = 'f'
  AND t1.relname = 'users'
  AND t3.nspname = ANY (current_schemas(false))
ORDER BY c.conname



Started GET "/" for 127.0.0.1 at 2017-01-07 13:12:35 +0200
  [1m[36mActiveRecord::SchemaMigration Load (1.0ms)[0m  [1mSELECT "schema_migrations".* FROM "schema_migrations"[0m
Processing by StoreController#index as HTML
  [1m[35mCart Load (0.8ms)[0m  SELECT  "carts".* FROM "carts" WHERE "carts"."id" = $1 LIMIT 1  [["id", nil]]
  [1m[36m (0.4ms)[0m  [1mBEGIN[0m
  [1m[35mSQL (0.8ms)[0m  INSERT INTO "carts" ("created_at", "updated_at") VALUES ($1, $2) RETURNING "id"  [["created_at", "2017-01-07 11:12:35.456083"], ["updated_at", "2017-01-07 11:12:35.456083"]]
  [1m[36m (1.7ms)[0m  [1mCOMMIT[0m
  [1m[35mProduct Load (1.7ms)[0m  SELECT "products".* FROM "products"  ORDER BY "products"."title" ASC
  Rendered store/index.html.erb within layouts/application (6.3ms)
Completed 500 Internal Server Error in 574ms (ActiveRecord: 14.0ms)

ActionView::Template::Error (couldn't find file 'jquery-ui/effect-blind' with type 'application/javascript'
Checked in these paths: 
  /home/bogdan/school/master_an2/SBD/store/app/assets/images
  /home/bogdan/school/master_an2/SBD/store/app/assets/javascripts
  /home/bogdan/school/master_an2/SBD/store/app/assets/stylesheets
  /home/bogdan/school/master_an2/SBD/store/vendor/assets/javascripts
  /home/bogdan/school/master_an2/SBD/store/vendor/assets/stylesheets
  /home/bogdan/.rvm/gems/ruby-2.3.0/gems/jquery-ui-rails-6.0.1/app/assets/images
  /home/bogdan/.rvm/gems/ruby-2.3.0/gems/jquery-ui-rails-6.0.1/app/assets/javascripts
  /home/bogdan/.rvm/gems/ruby-2.3.0/gems/jquery-ui-rails-6.0.1/app/assets/stylesheets
  /home/bogdan/.rvm/gems/ruby-2.3.0/gems/jquery-rails-4.2.2/vendor/assets/javascripts
  /home/bogdan/.rvm/gems/ruby-2.3.0/gems/coffee-rails-4.0.1/lib/assets/javascripts
  /home/bogdan/.rvm/gems/ruby-2.3.0/gems/turbolinks-source-5.0.0/lib/assets/javascripts):
    2: <html>
    3: <head>
    4:   <title>Pragprog Books Online Store</title>
    5:   <%= stylesheet_link_tag    'application', media: 'all', 'data-turbolinks-track' => true %>
    6:   <%= javascript_include_tag 'application', 'data-turbolinks-track' => true %>
    7:   <%= csrf_meta_tags %>
    8: </head>
  app/assets/javascripts/application.js:16
  app/views/layouts/application.html.erb:5:in `_app_views_layouts_application_html_erb___1290454323810241823_28386800'


  Rendered /home/bogdan/.rvm/gems/ruby-2.3.0/gems/actionpack-4.2.7.1/lib/action_dispatch/middleware/templates/rescues/_source.erb (11.4ms)
  Rendered /home/bogdan/.rvm/gems/ruby-2.3.0/gems/actionpack-4.2.7.1/lib/action_dispatch/middleware/templates/rescues/_trace.html.erb (4.2ms)
  Rendered /home/bogdan/.rvm/gems/ruby-2.3.0/gems/actionpack-4.2.7.1/lib/action_dispatch/middleware/templates/rescues/_request_and_response.html.erb (1.7ms)
  Rendered /home/bogdan/.rvm/gems/ruby-2.3.0/gems/actionpack-4.2.7.1/lib/action_dispatch/middleware/templates/rescues/template_error.html.erb within rescues/layout (38.5ms)


Started GET "/" for 127.0.0.1 at 2017-01-07 13:29:51 +0200
  [1m[36mActiveRecord::SchemaMigration Load (0.9ms)[0m  [1mSELECT "schema_migrations".* FROM "schema_migrations"[0m
Processing by StoreController#index as HTML
  [1m[35mCart Load (0.7ms)[0m  SELECT  "carts".* FROM "carts" WHERE "carts"."id" = $1 LIMIT 1  [["id", nil]]
  [1m[36m (0.4ms)[0m  [1mBEGIN[0m
  [1m[35mSQL (0.6ms)[0m  INSERT INTO "carts" ("created_at", "updated_at") VALUES ($1, $2) RETURNING "id"  [["created_at", "2017-01-07 11:29:52.260272"], ["updated_at", "2017-01-07 11:29:52.260272"]]
  [1m[36m (3.7ms)[0m  [1mCOMMIT[0m
  [1m[35mProduct Load (1.8ms)[0m  SELECT "products".* FROM "products"  ORDER BY "products"."title" ASC
  Rendered store/index.html.erb within layouts/application (7.6ms)
  [1m[36mLineItem Exists (1.4ms)[0m  [1mSELECT  1 AS one FROM "line_items" WHERE "line_items"."cart_id" = $1 LIMIT 1[0m  [["cart_id", 2]]
  [1m[35mLineItem Load (0.6ms)[0m  SELECT "line_items".* FROM "line_items" WHERE "line_items"."cart_id" = $1  [["cart_id", 2]]
  Rendered collection (0.0ms)
  Rendered carts/_cart.html.erb (25.7ms)
Completed 200 OK in 1424ms (Views: 1363.3ms | ActiveRecord: 18.3ms)


Started GET "/assets/admin.self-e3b0c44298fc1c149afbf4c8996fb92427ae41e4649b934ca495991b7852b855.css?body=1" for 127.0.0.1 at 2017-01-07 13:29:53 +0200


Started GET "/assets/application.self-565a90fd247bd9ef75cf5f71be1e11e37c3ad80695d8bdfb331fe844afbe0a9e.css?body=1" for 127.0.0.1 at 2017-01-07 13:29:53 +0200


Started GET "/assets/line_items.self-e3b0c44298fc1c149afbf4c8996fb92427ae41e4649b934ca495991b7852b855.css?body=1" for 127.0.0.1 at 2017-01-07 13:29:53 +0200


Started GET "/assets/orders.self-e3b0c44298fc1c149afbf4c8996fb92427ae41e4649b934ca495991b7852b855.css?body=1" for 127.0.0.1 at 2017-01-07 13:29:53 +0200


Started GET "/assets/products.self-dde2561fd4e2940e3f15ff2841a9055e41a42ca02fc4c161b74ba5db2666f325.css?body=1" for 127.0.0.1 at 2017-01-07 13:29:53 +0200


Started GET "/assets/carts.self-023c0b05980430dec6f2cbe342804ec86d4730851d30ceaf1e2009b86e3e71ea.css?body=1" for 127.0.0.1 at 2017-01-07 13:29:53 +0200


Started GET "/assets/scaffolds.self-f634e476f52cf418c436e777baca66ff10260b76e3b5aadce25c02c94cd1dcdf.css?body=1" for 127.0.0.1 at 2017-01-07 13:29:53 +0200


Started GET "/assets/sessions.self-e3b0c44298fc1c149afbf4c8996fb92427ae41e4649b934ca495991b7852b855.css?body=1" for 127.0.0.1 at 2017-01-07 13:29:53 +0200


Started GET "/assets/store.self-e962018795dee6453a422aa91630e99638113b37a318908b5d41a10b5cbe033c.css?body=1" for 127.0.0.1 at 2017-01-07 13:29:53 +0200


Started GET "/assets/users.self-e3b0c44298fc1c149afbf4c8996fb92427ae41e4649b934ca495991b7852b855.css?body=1" for 127.0.0.1 at 2017-01-07 13:29:53 +0200


Started GET "/assets/jquery-ui/version.self-c8e3d1203da26ea7efdf83c1eabb3f0ba55cb68e463f5ccf0d77bd15ce6a8e61.js?body=1" for 127.0.0.1 at 2017-01-07 13:29:53 +0200


Started GET "/assets/jquery-ui/effect.self-776455da1682afff3a4974146aa96ca840597b879ed3797af0604063527443c6.js?body=1" for 127.0.0.1 at 2017-01-07 13:29:53 +0200


Started GET "/assets/jquery-ui/effects/effect-blind.self-2f8923f5c3073717dad35ac1f9bd4dbc13d2f9c8128f7dbea9819921338271f4.js?body=1" for 127.0.0.1 at 2017-01-07 13:29:53 +0200


Started GET "/assets/admin.self-877aef30ae1b040ab8a3aba4e3e309a11d7f2612f44dde450b5c157aa5f95c05.js?body=1" for 127.0.0.1 at 2017-01-07 13:29:53 +0200


Started GET "/assets/carts.self-877aef30ae1b040ab8a3aba4e3e309a11d7f2612f44dde450b5c157aa5f95c05.js?body=1" for 127.0.0.1 at 2017-01-07 13:29:53 +0200


Started GET "/assets/line_items.self-877aef30ae1b040ab8a3aba4e3e309a11d7f2612f44dde450b5c157aa5f95c05.js?body=1" for 127.0.0.1 at 2017-01-07 13:29:53 +0200


Started GET "/assets/orders.self-877aef30ae1b040ab8a3aba4e3e309a11d7f2612f44dde450b5c157aa5f95c05.js?body=1" for 127.0.0.1 at 2017-01-07 13:29:53 +0200


Started GET "/assets/products.self-877aef30ae1b040ab8a3aba4e3e309a11d7f2612f44dde450b5c157aa5f95c05.js?body=1" for 127.0.0.1 at 2017-01-07 13:29:53 +0200


Started GET "/assets/sessions.self-877aef30ae1b040ab8a3aba4e3e309a11d7f2612f44dde450b5c157aa5f95c05.js?body=1" for 127.0.0.1 at 2017-01-07 13:29:53 +0200


Started GET "/assets/store.self-405e0ea6ca2c6c5b780b1e8f75859e40d317bfb0446d713317320f54536d001c.js?body=1" for 127.0.0.1 at 2017-01-07 13:29:53 +0200


Started GET "/assets/users.self-877aef30ae1b040ab8a3aba4e3e309a11d7f2612f44dde450b5c157aa5f95c05.js?body=1" for 127.0.0.1 at 2017-01-07 13:29:53 +0200


Started GET "/assets/application.self-f2b5b9cbe9166fcd551c3f4e3faf08edf2de70ef4a8af0731e6113582c1d1e86.js?body=1" for 127.0.0.1 at 2017-01-07 13:29:53 +0200


Started GET "/assets/logo-c6cc13d09c4262e637d9af74fa20f7cc0ba8cb57864863b3ce3135f37cbf308c.png" for 127.0.0.1 at 2017-01-07 13:29:53 +0200


Started GET "/" for 127.0.0.1 at 2017-01-07 13:30:01 +0200
Processing by StoreController#index as HTML
  [1m[36mCart Load (0.6ms)[0m  [1mSELECT  "carts".* FROM "carts" WHERE "carts"."id" = $1 LIMIT 1[0m  [["id", 2]]
  [1m[35mProduct Load (0.8ms)[0m  SELECT "products".* FROM "products"  ORDER BY "products"."title" ASC
  Rendered store/index.html.erb within layouts/application (2.1ms)
  [1m[36mLineItem Exists (0.7ms)[0m  [1mSELECT  1 AS one FROM "line_items" WHERE "line_items"."cart_id" = $1 LIMIT 1[0m  [["cart_id", 2]]
  [1m[35mLineItem Load (0.6ms)[0m  SELECT "line_items".* FROM "line_items" WHERE "line_items"."cart_id" = $1  [["cart_id", 2]]
  Rendered collection (0.0ms)
  Rendered carts/_cart.html.erb (4.2ms)
Completed 200 OK in 78ms (Views: 72.5ms | ActiveRecord: 2.8ms)
  [1m[36mActiveRecord::SchemaMigration Load (2.7ms)[0m  [1mSELECT "schema_migrations".* FROM "schema_migrations"  ORDER BY version[0m
